<?xml version="1.0" encoding="UTF-8"?>
<testng-results skipped="0" failed="0" total="1" passed="1">
  <reporter-output>
  </reporter-output>
  <suite name="Default suite" duration-ms="33252" started-at="2020-01-29T15:53:35Z" finished-at="2020-01-29T15:54:08Z">
    <groups>
      <group name="regressionTest">
        <method signature="CreateOrganizationTest.TestStart()[pri:0, instance:OrganizationTest.CreateOrganizationTest@77caeb3e]" name="TestStart" class="OrganizationTest.CreateOrganizationTest"/>
      </group> <!-- regressionTest -->
    </groups>
    <test name="Default test" duration-ms="33252" started-at="2020-01-29T15:53:35Z" finished-at="2020-01-29T15:54:08Z">
      <class name="OrganizationTest.CreateOrganizationTest">
        <test-method status="PASS" signature="openBrowser()[pri:0, instance:OrganizationTest.CreateOrganizationTest@77caeb3e]" name="openBrowser" is-config="true" duration-ms="5032" started-at="2020-01-29T21:23:35Z" finished-at="2020-01-29T21:23:40Z">
          <reporter-output>
          </reporter-output>
        </test-method> <!-- openBrowser -->
        <test-method status="PASS" signature="configBM()[pri:0, instance:OrganizationTest.CreateOrganizationTest@77caeb3e]" name="configBM" is-config="true" duration-ms="6856" started-at="2020-01-29T21:23:40Z" finished-at="2020-01-29T21:23:47Z">
          <reporter-output>
          </reporter-output>
        </test-method> <!-- configBM -->
        <test-method status="PASS" signature="TestStart()[pri:0, instance:OrganizationTest.CreateOrganizationTest@77caeb3e]" name="TestStart" duration-ms="18838" started-at="2020-01-29T21:23:47Z" finished-at="2020-01-29T21:24:06Z">
          <reporter-output>
          </reporter-output>
        </test-method> <!-- TestStart -->
        <test-method status="PASS" signature="configAM()[pri:0, instance:OrganizationTest.CreateOrganizationTest@77caeb3e]" name="configAM" is-config="true" duration-ms="2320" started-at="2020-01-29T21:24:06Z" finished-at="2020-01-29T21:24:08Z">
          <reporter-output>
          </reporter-output>
        </test-method> <!-- configAM -->
        <test-method status="PASS" signature="configAC()[pri:0, instance:OrganizationTest.CreateOrganizationTest@77caeb3e]" name="configAC" is-config="true" duration-ms="187" started-at="2020-01-29T21:24:08Z" finished-at="2020-01-29T21:24:08Z">
          <reporter-output>
          </reporter-output>
        </test-method> <!-- configAC -->
      </class> <!-- OrganizationTest.CreateOrganizationTest -->
    </test> <!-- Default test -->
  </suite> <!-- Default suite -->
</testng-results>
